<?xml version="1.0" encoding="UTF-8" ?>
<testsuites>
  <testsuite errors="0" failures="0" hostname="Yifeis-MacBook-Pro.local" id="0" name="DataUtilTest" package="org.jsoup.helper" skipped="0" tests="15" time="0.4" timestamp="2023-09-01T17:33:06">
      <properties>
[...]
</properties>

      <testcase classname="org.jsoup.helper.DataUtilTest" name="firstMetaElementWithCharsetShouldBeUsedForDecoding" time="0.068" />

      <testcase classname="org.jsoup.helper.DataUtilTest" name="secondMetaElementWithContentTypeContainsCharsetParameter" time="0.022" />

      <testcase classname="org.jsoup.helper.DataUtilTest" name="supportsUTF8BOM" time="0.003" />

      <testcase classname="org.jsoup.helper.DataUtilTest" name="generatesMimeBoundaries" time="0.0" />

      <testcase classname="org.jsoup.helper.DataUtilTest" name="discardsSpuriousByteOrderMarkWhenNoCharsetSet" time="0.001" />

      <testcase classname="org.jsoup.helper.DataUtilTest" name="discardsSpuriousByteOrderMark" time="0.001" />

      <testcase classname="org.jsoup.helper.DataUtilTest" name="shouldCorrectCharsetForDuplicateCharsetString" time="0.0" />

      <testcase classname="org.jsoup.helper.DataUtilTest" name="shouldNotThrowExceptionOnEmptyCharset" time="0.0" />

      <testcase classname="org.jsoup.helper.DataUtilTest" name="testCharset" time="0.012" />

      <testcase classname="org.jsoup.helper.DataUtilTest" name="supportsBOMinFiles" time="0.012" />

      <testcase classname="org.jsoup.helper.DataUtilTest" name="testQuotedCharset" time="0.002" />

      <testcase classname="org.jsoup.helper.DataUtilTest" name="wrongMetaCharsetFallback" time="0.004" />

      <testcase classname="org.jsoup.helper.DataUtilTest" name="shouldSelectFirstCharsetOnWeirdMultileCharsetsInMetaTags" time="0.001" />

      <testcase classname="org.jsoup.helper.DataUtilTest" name="shouldReturnNullForIllegalCharsetNames" time="0.001" />

      <testcase classname="org.jsoup.helper.DataUtilTest" name="supportsXmlCharsetDeclaration" time="0.002" />

      <system-out><![CDATA[]]></system-out>

      <system-err><![CDATA[]]></system-err>

  </testsuite>
  <testsuite errors="0" failures="0" hostname="Yifeis-MacBook-Pro.local" id="1" name="HttpConnectionTest" package="org.jsoup.helper" skipped="0" tests="23" time="0.15" timestamp="2023-09-01T17:33:07">
      <properties>
[...]
</properties>

      <testcase classname="org.jsoup.helper.HttpConnectionTest" name="throwsExceptionOnParseWithoutExecute" time="0.016" />

      <testcase classname="org.jsoup.helper.HttpConnectionTest" name="connectWithUrl" time="0.001" />

      <testcase classname="org.jsoup.helper.HttpConnectionTest" name="ignoresEmptySetCookies" time="0.0" />

      <testcase classname="org.jsoup.helper.HttpConnectionTest" name="throwsOnMalformedUrl" time="0.001" />

      <testcase classname="org.jsoup.helper.HttpConnectionTest" name="multipleHeaders" time="0.002" />

      <testcase classname="org.jsoup.helper.HttpConnectionTest" name="cookie" time="0.0" />

      <testcase classname="org.jsoup.helper.HttpConnectionTest" name="timeout" time="0.0" />

      <testcase classname="org.jsoup.helper.HttpConnectionTest" name="method" time="0.001" />

      <testcase classname="org.jsoup.helper.HttpConnectionTest" name="handlesHeaderEncodingOnRequest" time="0.0" />

      <testcase classname="org.jsoup.helper.HttpConnectionTest" name="referrer" time="0.001" />

      <testcase classname="org.jsoup.helper.HttpConnectionTest" name="sameHeadersCombineWithComma" time="0.0" />

      <testcase classname="org.jsoup.helper.HttpConnectionTest" name="inputStream" time="0.001" />

      <testcase classname="org.jsoup.helper.HttpConnectionTest" name="throwsExceptionOnBodyAsBytesWithoutExecute" time="0.0" />

      <testcase classname="org.jsoup.helper.HttpConnectionTest" name="data" time="0.0" />

      <testcase classname="org.jsoup.helper.HttpConnectionTest" name="userAgent" time="0.0" />

      <testcase classname="org.jsoup.helper.HttpConnectionTest" name="throwsExceptionOnBodyWithoutExecute" time="0.0" />

      <testcase classname="org.jsoup.helper.HttpConnectionTest" name="headers" time="0.001" />

      <testcase classname="org.jsoup.helper.HttpConnectionTest" name="noUrlThrowsValidationError" time="0.0" />

      <testcase classname="org.jsoup.helper.HttpConnectionTest" name="requestBody" time="0.0" />

      <testcase classname="org.jsoup.helper.HttpConnectionTest" name="ignoresEmptyCookieNameAndVals" time="0.0" />

      <testcase classname="org.jsoup.helper.HttpConnectionTest" name="encodeUrl" time="0.0" />

      <testcase classname="org.jsoup.helper.HttpConnectionTest" name="throwsOnOddData" time="0.0" />

      <testcase classname="org.jsoup.helper.HttpConnectionTest" name="caseInsensitiveHeaders" time="0.0" />

      <system-out><![CDATA[]]></system-out>

      <system-err><![CDATA[]]></system-err>

  </testsuite>
  <testsuite errors="0" failures="0" hostname="Yifeis-MacBook-Pro.local" id="2" name="W3CDomTest" package="org.jsoup.helper" skipped="0" tests="6" time="0.388" timestamp="2023-09-01T17:33:07">
      <properties>
[...]
</properties>

      <testcase classname="org.jsoup.helper.W3CDomTest" name="simpleConversion" time="0.136" />

      <testcase classname="org.jsoup.helper.W3CDomTest" name="namespacePreservation" time="0.007" />

      <testcase classname="org.jsoup.helper.W3CDomTest" name="convertsGoogleLocation" time="0.085" />

      <testcase classname="org.jsoup.helper.W3CDomTest" name="treatsUndeclaredNamespaceAsLocalName" time="0.001" />

      <testcase classname="org.jsoup.helper.W3CDomTest" name="handlesInvalidAttributeNames" time="0.004" />

      <testcase classname="org.jsoup.helper.W3CDomTest" name="convertsGoogle" time="0.042" />

      <system-out><![CDATA[]]></system-out>

      <system-err><![CDATA[]]></system-err>

  </testsuite>
  <testsuite errors="0" failures="0" hostname="Yifeis-MacBook-Pro.local" id="3" name="ParseTest" package="org.jsoup.integration" skipped="0" tests="12" time="0.339" timestamp="2023-09-01T17:33:08">
      <properties>
[...]
</properties>

      <testcase classname="org.jsoup.integration.ParseTest" name="testYahooJp" time="0.099" />

      <testcase classname="org.jsoup.integration.ParseTest" name="testBaiduVariant" time="0.022" />

      <testcase classname="org.jsoup.integration.ParseTest" name="testGoogleSearchIpod" time="0.02" />

      <testcase classname="org.jsoup.integration.ParseTest" name="testBaidu" time="0.005" />

      <testcase classname="org.jsoup.integration.ParseTest" name="testBinaryThrowsException" time="0.002" />

      <testcase classname="org.jsoup.integration.ParseTest" name="testSmhBizArticle" time="0.015" />

      <testcase classname="org.jsoup.integration.ParseTest" name="testYahooArticle" time="0.016" />

      <testcase classname="org.jsoup.integration.ParseTest" name="testBrokenHtml5CharsetWithASingleDoubleQuote" time="0.001" />

      <testcase classname="org.jsoup.integration.ParseTest" name="testNytArticle" time="0.013" />

      <testcase classname="org.jsoup.integration.ParseTest" name="testLowercaseUtf8Charset" time="0.001" />

      <testcase classname="org.jsoup.integration.ParseTest" name="testNewsHomepage" time="0.02" />

      <testcase classname="org.jsoup.integration.ParseTest" name="testHtml5Charset" time="0.002" />

      <system-out><![CDATA[]]></system-out>

      <system-err><![CDATA[]]></system-err>

  </testsuite>
  <testsuite errors="0" failures="0" hostname="Yifeis-MacBook-Pro.local" id="4" name="StringUtilTest" package="org.jsoup.internal" skipped="0" tests="9" time="0.172" timestamp="2023-09-01T17:33:08">
      <properties>
[...]
</properties>

      <testcase classname="org.jsoup.internal.StringUtilTest" name="isWhitespace" time="0.001" />

      <testcase classname="org.jsoup.internal.StringUtilTest" name="padding" time="0.0" />

      <testcase classname="org.jsoup.internal.StringUtilTest" name="join" time="0.0" />

      <testcase classname="org.jsoup.internal.StringUtilTest" name="paddingInACan" time="0.0" />

      <testcase classname="org.jsoup.internal.StringUtilTest" name="normaliseWhiteSpaceHandlesHighSurrogates" time="0.051" />

      <testcase classname="org.jsoup.internal.StringUtilTest" name="isNumeric" time="0.0" />

      <testcase classname="org.jsoup.internal.StringUtilTest" name="resolvesRelativeUrls" time="0.002" />

      <testcase classname="org.jsoup.internal.StringUtilTest" name="normaliseWhiteSpace" time="0.0" />

      <testcase classname="org.jsoup.internal.StringUtilTest" name="isBlank" time="0.0" />

      <system-out><![CDATA[]]></system-out>

      <system-err><![CDATA[]]></system-err>

  </testsuite>
  <testsuite errors="0" failures="0" hostname="Yifeis-MacBook-Pro.local" id="5" name="AttributeTest" package="org.jsoup.nodes" skipped="0" tests="6" time="0.164" timestamp="2023-09-01T17:33:09">
      <properties>
[...]
</properties>

      <testcase classname="org.jsoup.nodes.AttributeTest" name="settersOnOrphanAttribute" time="0.003" />

      <testcase classname="org.jsoup.nodes.AttributeTest" name="testWithSupplementaryCharacterInAttributeKeyAndValue" time="0.023" />

      <testcase classname="org.jsoup.nodes.AttributeTest" name="html" time="0.001" />

      <testcase classname="org.jsoup.nodes.AttributeTest" name="booleanAttributesAreEmptyStringValues" time="0.026" />

      <testcase classname="org.jsoup.nodes.AttributeTest" name="validatesKeysNotEmpty" time="0.0" />

      <testcase classname="org.jsoup.nodes.AttributeTest" name="validatesKeysNotEmptyViaSet" time="0.0" />

      <system-out><![CDATA[]]></system-out>

      <system-err><![CDATA[]]></system-err>

  </testsuite>
  <testsuite errors="0" failures="0" hostname="Yifeis-MacBook-Pro.local" id="6" name="AttributesTest" package="org.jsoup.nodes" skipped="0" tests="8" time="0.149" timestamp="2023-09-01T17:33:09">
      <properties>
[...]
</properties>

      <testcase classname="org.jsoup.nodes.AttributesTest" name="testIteratorRemovable" time="0.004" />

      <testcase classname="org.jsoup.nodes.AttributesTest" name="testIteratorHasNext" time="0.0" />

      <testcase classname="org.jsoup.nodes.AttributesTest" name="removeCaseSensitive" time="0.0" />

      <testcase classname="org.jsoup.nodes.AttributesTest" name="html" time="0.025" />

      <testcase classname="org.jsoup.nodes.AttributesTest" name="testSetKeyConsistency" time="0.001" />

      <testcase classname="org.jsoup.nodes.AttributesTest" name="testIteratorEmpty" time="0.0" />

      <testcase classname="org.jsoup.nodes.AttributesTest" name="testIterator" time="0.001" />

      <testcase classname="org.jsoup.nodes.AttributesTest" name="testIteratorUpdateable" time="0.0" />

      <system-out><![CDATA[]]></system-out>

      <system-err><![CDATA[]]></system-err>

  </testsuite>
  <testsuite errors="0" failures="0" hostname="Yifeis-MacBook-Pro.local" id="7" name="DocumentTest" package="org.jsoup.nodes" skipped="0" tests="28" time="0.276" timestamp="2023-09-01T17:33:10">
      <properties>
[...]
</properties>

      <testcase classname="org.jsoup.nodes.DocumentTest" name="testOutputEncoding" time="0.05" />

      <testcase classname="org.jsoup.nodes.DocumentTest" name="testMetaCharsetUpdateDisabledNoChanges" time="0.005" />

      <testcase classname="org.jsoup.nodes.DocumentTest" name="testHtmlAppendable" time="0.001" />

      <testcase classname="org.jsoup.nodes.DocumentTest" name="testLocation" time="0.07" />

      <testcase classname="org.jsoup.nodes.DocumentTest" name="testClonesDeclarations" time="0.001" />

      <testcase classname="org.jsoup.nodes.DocumentTest" name="testClone" time="0.001" />

      <testcase classname="org.jsoup.nodes.DocumentTest" name="testShiftJisRoundtrip" time="0.019" />

      <testcase classname="org.jsoup.nodes.DocumentTest" name="testNormalisesStructure" time="0.001" />

      <testcase classname="org.jsoup.nodes.DocumentTest" name="testXhtmlReferences" time="0.0" />

      <testcase classname="org.jsoup.nodes.DocumentTest" name="testMetaCharsetUpdateXmlNoCharset" time="0.001" />

      <testcase classname="org.jsoup.nodes.DocumentTest" name="testMetaCharsetUpdateUtf8" time="0.001" />

      <testcase classname="org.jsoup.nodes.DocumentTest" name="testMetaCharsetUpdateEnabledAfterCharsetChange" time="0.0" />

      <testcase classname="org.jsoup.nodes.DocumentTest" name="testMetaCharsetUpdateDisabled" time="0.0" />

      <testcase classname="org.jsoup.nodes.DocumentTest" name="testMetaCharsetUpdateXmlDisabled" time="0.0" />

      <testcase classname="org.jsoup.nodes.DocumentTest" name="testMetaCharsetUpdateCleanup" time="0.0" />

      <testcase classname="org.jsoup.nodes.DocumentTest" name="DocumentsWithSameContentAreEqual" time="0.0" />

      <testcase classname="org.jsoup.nodes.DocumentTest" name="testMetaCharsetUpdatedDisabledPerDefault" time="0.001" />

      <testcase classname="org.jsoup.nodes.DocumentTest" name="testMetaCharsetUpdateXmlIso8859" time="0.0" />

      <testcase classname="org.jsoup.nodes.DocumentTest" name="parseAndHtmlOnDifferentThreads" time="0.002" />

      <testcase classname="org.jsoup.nodes.DocumentTest" name="testMetaCharsetUpdateNoCharset" time="0.001" />

      <testcase classname="org.jsoup.nodes.DocumentTest" name="DocumentsWithSameContentAreVerifialbe" time="0.001" />

      <testcase classname="org.jsoup.nodes.DocumentTest" name="setTextPreservesDocumentStructure" time="0.001" />

      <testcase classname="org.jsoup.nodes.DocumentTest" name="htmlParseDefaultsToHtmlOutputSyntax" time="0.0" />

      <testcase classname="org.jsoup.nodes.DocumentTest" name="testMetaCharsetUpdateIso8859" time="0.0" />

      <testcase classname="org.jsoup.nodes.DocumentTest" name="testMetaCharsetUpdateXmlUtf8" time="0.0" />

      <testcase classname="org.jsoup.nodes.DocumentTest" name="testHtmlAndXmlSyntax" time="0.001" />

      <testcase classname="org.jsoup.nodes.DocumentTest" name="testTitles" time="0.001" />

      <testcase classname="org.jsoup.nodes.DocumentTest" name="testMetaCharsetUpdateXmlDisabledNoChanges" time="0.001" />

      <system-out><![CDATA[]]></system-out>

      <system-err><![CDATA[]]></system-err>

  </testsuite>
  <testsuite errors="0" failures="0" hostname="Yifeis-MacBook-Pro.local" id="8" name="DocumentTypeTest" package="org.jsoup.nodes" skipped="0" tests="5" time="0.168" timestamp="2023-09-01T17:33:10">
      <properties>
[...]
</properties>

      <testcase classname="org.jsoup.nodes.DocumentTypeTest" name="outerHtmlGeneration" time="0.03" />

      <testcase classname="org.jsoup.nodes.DocumentTypeTest" name="constructorValidationOkWithBlankName" time="0.0" />

      <testcase classname="org.jsoup.nodes.DocumentTypeTest" name="constructorValidationOkWithBlankPublicAndSystemIds" time="0.0" />

      <testcase classname="org.jsoup.nodes.DocumentTypeTest" name="testRoundTrip" time="0.025" />

      <testcase classname="org.jsoup.nodes.DocumentTypeTest" name="constructorValidationThrowsExceptionOnNulls" time="0.0" />

      <system-out><![CDATA[]]></system-out>

      <system-err><![CDATA[]]></system-err>

  </testsuite>
  <testsuite errors="0" failures="0" hostname="Yifeis-MacBook-Pro.local" id="9" name="ElementTest" package="org.jsoup.nodes" skipped="0" tests="99" time="0.261" timestamp="2023-09-01T17:33:11">
      <properties>
[...]
</properties>

      <testcase classname="org.jsoup.nodes.ElementTest" name="testFormatOutline" time="0.053" />

      <testcase classname="org.jsoup.nodes.ElementTest" name="parentlessToString" time="0.005" />

      <testcase classname="org.jsoup.nodes.ElementTest" name="insertChildrenArgumentValidation" time="0.0" />

      <testcase classname="org.jsoup.nodes.ElementTest" name="testPrependElement" time="0.001" />

      <testcase classname="org.jsoup.nodes.ElementTest" name="testOuterHtml" time="0.001" />

      <testcase classname="org.jsoup.nodes.ElementTest" name="testHashcodeIsStableWithContentChanges" time="0.001" />

      <testcase classname="org.jsoup.nodes.ElementTest" name="voidTestFilterCallReturnsElement" time="0.001" />

      <testcase classname="org.jsoup.nodes.ElementTest" name="elementByTagName" time="0.0" />

      <testcase classname="org.jsoup.nodes.ElementTest" name="testClonesClassnames" time="0.0" />

      <testcase classname="org.jsoup.nodes.ElementTest" name="appendMustCorrectlyMoveChildrenInsideOneParentElement" time="0.0" />

      <testcase classname="org.jsoup.nodes.ElementTest" name="before" time="0.001" />

      <testcase classname="org.jsoup.nodes.ElementTest" name="testRemoveBeforeIndex" time="0.001" />

      <testcase classname="org.jsoup.nodes.ElementTest" name="testChainedRemoveAttributes" time="0.0" />

      <testcase classname="org.jsoup.nodes.ElementTest" name="booleanAttributeOutput" time="0.001" />

      <testcase classname="org.jsoup.nodes.ElementTest" name="testAddNewHtml" time="0.0" />

      <testcase classname="org.jsoup.nodes.ElementTest" name="testAddNewText" time="0.001" />

      <testcase classname="org.jsoup.nodes.ElementTest" name="testPreviousElementSiblings" time="0.0" />

      <testcase classname="org.jsoup.nodes.ElementTest" name="testGetElementById" time="0.0" />

      <testcase classname="org.jsoup.nodes.ElementTest" name="testClone" time="0.0" />

      <testcase classname="org.jsoup.nodes.ElementTest" name="testHtmlContainsOuter" time="0.0" />

      <testcase classname="org.jsoup.nodes.ElementTest" name="testClassDomMethods" time="0.0" />

      <testcase classname="org.jsoup.nodes.ElementTest" name="testRoot" time="0.0" />

      <testcase classname="org.jsoup.nodes.ElementTest" name="testWrap" time="0.001" />

      <testcase classname="org.jsoup.nodes.ElementTest" name="testNamespacedElements" time="0.001" />

      <testcase classname="org.jsoup.nodes.ElementTest" name="testClassNames" time="0.0" />

      <testcase classname="org.jsoup.nodes.ElementTest" name="testElementSiblingIndex" time="0.001" />

      <testcase classname="org.jsoup.nodes.ElementTest" name="testIs" time="0.002" />

      <testcase classname="org.jsoup.nodes.ElementTest" name="testEmptyElementFormatHtml" time="0.001" />

      <testcase classname="org.jsoup.nodes.ElementTest" name="testLoopedRemoveAttributes" time="0.001" />

      <testcase classname="org.jsoup.nodes.ElementTest" name="testShadowElementsAreUpdated" time="0.001" />

      <testcase classname="org.jsoup.nodes.ElementTest" name="testKeepsPreTextAtDepth" time="0.0" />

      <testcase classname="org.jsoup.nodes.ElementTest" name="testGetElementsWithAttribute" time="0.001" />

      <testcase classname="org.jsoup.nodes.ElementTest" name="testNoIndentOnScriptAndStyle" time="0.0" />

      <testcase classname="org.jsoup.nodes.ElementTest" name="testAppendRowToTable" time="0.0" />

      <testcase classname="org.jsoup.nodes.ElementTest" name="testGetElementsWithClass" time="0.0" />

      <testcase classname="org.jsoup.nodes.ElementTest" name="testShallowClone" time="0.001" />

      <testcase classname="org.jsoup.nodes.ElementTest" name="testWrapWithRemainder" time="0.0" />

      <testcase classname="org.jsoup.nodes.ElementTest" name="testClearAttributes" time="0.001" />

      <testcase classname="org.jsoup.nodes.ElementTest" name="testKeepsPreTextInCode" time="0.0" />

      <testcase classname="org.jsoup.nodes.ElementTest" name="testHasClassDomMethods" time="0.0" />

      <testcase classname="org.jsoup.nodes.ElementTest" name="testGetParents" time="0.0" />

      <testcase classname="org.jsoup.nodes.ElementTest" name="testGetText" time="0.001" />

      <testcase classname="org.jsoup.nodes.ElementTest" name="getElementsByTagName" time="0.0" />

      <testcase classname="org.jsoup.nodes.ElementTest" name="testFormatHtml" time="0.001" />

      <testcase classname="org.jsoup.nodes.ElementTest" name="testGetElementsWithAttributeValue" time="0.0" />

      <testcase classname="org.jsoup.nodes.ElementTest" name="testWholeText" time="0.001" />

      <testcase classname="org.jsoup.nodes.ElementTest" name="testGetElementsWithAttributeDash" time="0.001" />

      <testcase classname="org.jsoup.nodes.ElementTest" name="testManipulateTextNodes" time="0.0" />

      <testcase classname="org.jsoup.nodes.ElementTest" name="testChildThrowsIndexOutOfBoundsOnMissing" time="0.0" />

      <testcase classname="org.jsoup.nodes.ElementTest" name="testPrependRowToTable" time="0.001" />

      <testcase classname="org.jsoup.nodes.ElementTest" name="testGetTextNodes" time="0.0" />

      <testcase classname="org.jsoup.nodes.ElementTest" name="after" time="0.0" />

      <testcase classname="org.jsoup.nodes.ElementTest" name="testContainerOutput" time="0.0" />

      <testcase classname="org.jsoup.nodes.ElementTest" name="testInnerHtml" time="0.001" />

      <testcase classname="org.jsoup.nodes.ElementTest" name="testHasText" time="0.0" />

      <testcase classname="org.jsoup.nodes.ElementTest" name="testRemoveAttr" time="0.001" />

      <testcase classname="org.jsoup.nodes.ElementTest" name="textHasSpaceBetweenDivAndCenterTags" time="0.0" />

      <testcase classname="org.jsoup.nodes.ElementTest" name="testGetDataNodes" time="0.0" />

      <testcase classname="org.jsoup.nodes.ElementTest" name="testCssPath" time="0.002" />

      <testcase classname="org.jsoup.nodes.ElementTest" name="testSetHtmlTitle" time="0.0" />

      <testcase classname="org.jsoup.nodes.ElementTest" name="testChildrenElements" time="0.001" />

      <testcase classname="org.jsoup.nodes.ElementTest" name="moveByAppend" time="0.001" />

      <testcase classname="org.jsoup.nodes.ElementTest" name="testNormalisesText" time="0.001" />

      <testcase classname="org.jsoup.nodes.ElementTest" name="testClassUpdates" time="0.0" />

      <testcase classname="org.jsoup.nodes.ElementTest" name="testAddNewElement" time="0.0" />

      <testcase classname="org.jsoup.nodes.ElementTest" name="testHashAndEqualsAndValue" time="0.0" />

      <testcase classname="org.jsoup.nodes.ElementTest" name="testElementSiblingIndexSameContent" time="0.001" />

      <testcase classname="org.jsoup.nodes.ElementTest" name="testGetChildText" time="0.0" />

      <testcase classname="org.jsoup.nodes.ElementTest" name="testRelativeUrls" time="0.003" />

      <testcase classname="org.jsoup.nodes.ElementTest" name="testSetIndent" time="0.0" />

      <testcase classname="org.jsoup.nodes.ElementTest" name="testThrowsOnAddNullText" time="0.0" />

      <testcase classname="org.jsoup.nodes.ElementTest" name="testGetSiblingsWithDuplicateContent" time="0.0" />

      <testcase classname="org.jsoup.nodes.ElementTest" name="testNormalizesInvisiblesInText" time="0.003" />

      <testcase classname="org.jsoup.nodes.ElementTest" name="insertChildrenAsCopy" time="0.001" />

      <testcase classname="org.jsoup.nodes.ElementTest" name="testTagNameSet" time="0.0" />

      <testcase classname="org.jsoup.nodes.ElementTest" name="dataset" time="0.001" />

      <testcase classname="org.jsoup.nodes.ElementTest" name="testPrependText" time="0.001" />

      <testcase classname="org.jsoup.nodes.ElementTest" name="testNormalizesNbspInText" time="0.001" />

      <testcase classname="org.jsoup.nodes.ElementTest" name="testRemoveAfterIndex" time="0.0" />

      <testcase classname="org.jsoup.nodes.ElementTest" name="testThrowsOnPrependNullText" time="0.001" />

      <testcase classname="org.jsoup.nodes.ElementTest" name="testGetSiblings" time="0.0" />

      <testcase classname="org.jsoup.nodes.ElementTest" name="testSetHtml" time="0.001" />

      <testcase classname="org.jsoup.nodes.ElementTest" name="testSetText" time="0.001" />

      <testcase classname="org.jsoup.nodes.ElementTest" name="testNextElementSiblings" time="0.0" />

      <testcase classname="org.jsoup.nodes.ElementTest" name="testAddBooleanAttribute" time="0.0" />

      <testcase classname="org.jsoup.nodes.ElementTest" name="textHasSpaceAfterBlockTags" time="0.0" />

      <testcase classname="org.jsoup.nodes.ElementTest" name="whiteSpaceClassElement" time="0.0" />

      <testcase classname="org.jsoup.nodes.ElementTest" name="classNamesAndAttributeNameIsCaseInsensitive" time="0.001" />

      <testcase classname="org.jsoup.nodes.ElementTest" name="testPrependNewHtml" time="0.0" />

      <testcase classname="org.jsoup.nodes.ElementTest" name="testRemovingEmptyClassAttributeWhenLastClassRemoved" time="0.0" />

      <testcase classname="org.jsoup.nodes.ElementTest" name="testBrHasSpace" time="0.001" />

      <testcase classname="org.jsoup.nodes.ElementTest" name="testKeepsPreText" time="0.001" />

      <testcase classname="org.jsoup.nodes.ElementTest" name="testNotPretty" time="0.0" />

      <testcase classname="org.jsoup.nodes.ElementTest" name="testNextElementSiblingAfterClone" time="0.0" />

      <testcase classname="org.jsoup.nodes.ElementTest" name="testAppendTo" time="0.0" />

      <testcase classname="org.jsoup.nodes.ElementTest" name="getNamespacedElementsByTag" time="0.001" />

      <testcase classname="org.jsoup.nodes.ElementTest" name="testTraverse" time="0.001" />

      <testcase classname="org.jsoup.nodes.ElementTest" name="insertChildrenAtPosition" time="0.0" />

      <testcase classname="org.jsoup.nodes.ElementTest" name="elementIsNotASiblingOfItself" time="0.0" />

      <system-out><![CDATA[]]></system-out>

      <system-err><![CDATA[]]></system-err>

  </testsuite>
  <testsuite errors="0" failures="0" hostname="Yifeis-MacBook-Pro.local" id="10" name="EntitiesTest" package="org.jsoup.nodes" skipped="0" tests="15" time="0.179" timestamp="2023-09-01T17:33:11">
      <properties>
[...]
</properties>

      <testcase classname="org.jsoup.nodes.EntitiesTest" name="strictUnescape" time="0.033" />

      <testcase classname="org.jsoup.nodes.EntitiesTest" name="escapeSupplementaryCharacter" time="0.001" />

      <testcase classname="org.jsoup.nodes.EntitiesTest" name="escapesGtInXmlAttributesButNotInHtml" time="0.022" />

      <testcase classname="org.jsoup.nodes.EntitiesTest" name="escape" time="0.001" />

      <testcase classname="org.jsoup.nodes.EntitiesTest" name="unescape" time="0.001" />

      <testcase classname="org.jsoup.nodes.EntitiesTest" name="caseSensitive" time="0.0" />

      <testcase classname="org.jsoup.nodes.EntitiesTest" name="noSpuriousDecodes" time="0.0" />

      <testcase classname="org.jsoup.nodes.EntitiesTest" name="notMissingMultis" time="0.0" />

      <testcase classname="org.jsoup.nodes.EntitiesTest" name="xhtml" time="0.0" />

      <testcase classname="org.jsoup.nodes.EntitiesTest" name="getByName" time="0.0" />

      <testcase classname="org.jsoup.nodes.EntitiesTest" name="notMissingSupplementals" time="0.0" />

      <testcase classname="org.jsoup.nodes.EntitiesTest" name="quoteReplacements" time="0.0" />

      <testcase classname="org.jsoup.nodes.EntitiesTest" name="escapedSupplementary" time="0.0" />

      <testcase classname="org.jsoup.nodes.EntitiesTest" name="letterDigitEntities" time="0.001" />

      <testcase classname="org.jsoup.nodes.EntitiesTest" name="unescapeMultiChars" time="0.0" />

      <system-out><![CDATA[]]></system-out>

      <system-err><![CDATA[]]></system-err>

  </testsuite>
  <testsuite errors="0" failures="0" hostname="Yifeis-MacBook-Pro.local" id="11" name="FormElementTest" package="org.jsoup.nodes" skipped="0" tests="11" time="0.192" timestamp="2023-09-01T17:33:12">
      <properties>
[...]
</properties>

      <testcase classname="org.jsoup.nodes.FormElementTest" name="createsFormData" time="0.063" />

      <testcase classname="org.jsoup.nodes.FormElementTest" name="actionWithNoValue" time="0.007" />

      <testcase classname="org.jsoup.nodes.FormElementTest" name="removeFormElement" time="0.001" />

      <testcase classname="org.jsoup.nodes.FormElementTest" name="formsAddedAfterParseAreFormElements" time="0.001" />

      <testcase classname="org.jsoup.nodes.FormElementTest" name="createsSubmitableConnection" time="0.001" />

      <testcase classname="org.jsoup.nodes.FormElementTest" name="formDataUsesFirstAttribute" time="0.0" />

      <testcase classname="org.jsoup.nodes.FormElementTest" name="controlsAddedAfterParseAreLinkedWithForms" time="0.001" />

      <testcase classname="org.jsoup.nodes.FormElementTest" name="adoptedFormsRetainInputs" time="0.001" />

      <testcase classname="org.jsoup.nodes.FormElementTest" name="usesOnForCheckboxValueIfNoValueSet" time="0.001" />

      <testcase classname="org.jsoup.nodes.FormElementTest" name="hasAssociatedControls" time="0.0" />

      <testcase classname="org.jsoup.nodes.FormElementTest" name="actionWithNoBaseUri" time="0.0" />

      <system-out><![CDATA[]]></system-out>

      <system-err><![CDATA[]]></system-err>

  </testsuite>
  <testsuite errors="0" failures="0" hostname="Yifeis-MacBook-Pro.local" id="12" name="NodeTest" package="org.jsoup.nodes" skipped="0" tests="25" time="0.196" timestamp="2023-09-01T17:33:12">
      <properties>
[...]
</properties>

      <testcase classname="org.jsoup.nodes.NodeTest" name="handlesAbsOnProtocolessAbsoluteUris" time="0.057" />

      <testcase classname="org.jsoup.nodes.NodeTest" name="setBaseUriIsRecursive" time="0.001" />

      <testcase classname="org.jsoup.nodes.NodeTest" name="ownerDocument" time="0.0" />

      <testcase classname="org.jsoup.nodes.NodeTest" name="before" time="0.002" />

      <testcase classname="org.jsoup.nodes.NodeTest" name="handleAbsOnLocalhostFileUris" time="0.001" />

      <testcase classname="org.jsoup.nodes.NodeTest" name="unwrap" time="0.001" />

      <testcase classname="org.jsoup.nodes.NodeTest" name="absHandlesDotFromIndex" time="0.0" />

      <testcase classname="org.jsoup.nodes.NodeTest" name="supportsClone" time="0.001" />

      <testcase classname="org.jsoup.nodes.NodeTest" name="root" time="0.0" />

      <testcase classname="org.jsoup.nodes.NodeTest" name="after" time="0.001" />

      <testcase classname="org.jsoup.nodes.NodeTest" name="absHandlesRelativeQuery" time="0.0" />

      <testcase classname="org.jsoup.nodes.NodeTest" name="unwrapNoChildren" time="0.0" />

      <testcase classname="org.jsoup.nodes.NodeTest" name="literalAbsPrefix" time="0.001" />

      <testcase classname="org.jsoup.nodes.NodeTest" name="handlesBaseUri" time="0.001" />

      <testcase classname="org.jsoup.nodes.NodeTest" name="handlesAbsOnImage" time="0.0" />

      <testcase classname="org.jsoup.nodes.NodeTest" name="nodeIsNotASiblingOfItself" time="0.001" />

      <testcase classname="org.jsoup.nodes.NodeTest" name="handleAbsOnFileUris" time="0.0" />

      <testcase classname="org.jsoup.nodes.NodeTest" name="testReplace" time="0.0" />

      <testcase classname="org.jsoup.nodes.NodeTest" name="handlesAbsPrefixOnHasAttr" time="0.0" />

      <testcase classname="org.jsoup.nodes.NodeTest" name="childNodesCopy" time="0.001" />

      <testcase classname="org.jsoup.nodes.NodeTest" name="changingAttributeValueShouldReplaceExistingAttributeCaseInsensitive" time="0.001" />

      <testcase classname="org.jsoup.nodes.NodeTest" name="traverse" time="0.001" />

      <testcase classname="org.jsoup.nodes.NodeTest" name="orphanNodeReturnsNullForSiblingElements" time="0.0" />

      <testcase classname="org.jsoup.nodes.NodeTest" name="handlesAbsPrefix" time="0.0" />

      <testcase classname="org.jsoup.nodes.NodeTest" name="testRemove" time="0.0" />

      <system-out><![CDATA[]]></system-out>

      <system-err><![CDATA[]]></system-err>

  </testsuite>
  <testsuite errors="0" failures="0" hostname="Yifeis-MacBook-Pro.local" id="13" name="TextNodeTest" package="org.jsoup.nodes" skipped="0" tests="6" time="0.174" timestamp="2023-09-01T17:33:13">
      <properties>
[...]
</properties>

      <testcase classname="org.jsoup.nodes.TextNodeTest" name="testWithSupplementaryCharacter" time="0.052" />

      <testcase classname="org.jsoup.nodes.TextNodeTest" name="testLeadNodesHaveNoChildren" time="0.004" />

      <testcase classname="org.jsoup.nodes.TextNodeTest" name="testBlank" time="0.0" />

      <testcase classname="org.jsoup.nodes.TextNodeTest" name="testTextBean" time="0.002" />

      <testcase classname="org.jsoup.nodes.TextNodeTest" name="testSplitText" time="0.001" />

      <testcase classname="org.jsoup.nodes.TextNodeTest" name="testSplitAnEmbolden" time="0.001" />

      <system-out><![CDATA[]]></system-out>

      <system-err><![CDATA[]]></system-err>

  </testsuite>
  <testsuite errors="0" failures="0" hostname="Yifeis-MacBook-Pro.local" id="14" name="AttributeParseTest" package="org.jsoup.parser" skipped="0" tests="8" time="0.174" timestamp="2023-09-01T17:33:13">
      <properties>
[...]
</properties>

      <testcase classname="org.jsoup.parser.AttributeParseTest" name="dropsSlashFromAttributeName" time="0.056" />

      <testcase classname="org.jsoup.parser.AttributeParseTest" name="moreAttributeUnescapes" time="0.0" />

      <testcase classname="org.jsoup.parser.AttributeParseTest" name="parsesBooleanAttributes" time="0.0" />

      <testcase classname="org.jsoup.parser.AttributeParseTest" name="handlesNewLinesAndReturns" time="0.001" />

      <testcase classname="org.jsoup.parser.AttributeParseTest" name="canStartWithEq" time="0.0" />

      <testcase classname="org.jsoup.parser.AttributeParseTest" name="parsesRoughAttributeString" time="0.0" />

      <testcase classname="org.jsoup.parser.AttributeParseTest" name="strictAttributeUnescapes" time="0.0" />

      <testcase classname="org.jsoup.parser.AttributeParseTest" name="parsesEmptyString" time="0.0" />

      <system-out><![CDATA[]]></system-out>

      <system-err><![CDATA[]]></system-err>

  </testsuite>
  <testsuite errors="0" failures="0" hostname="Yifeis-MacBook-Pro.local" id="15" name="CharacterReaderTest" package="org.jsoup.parser" skipped="0" tests="23" time="0.128" timestamp="2023-09-01T17:33:14">
      <properties>
[...]
</properties>

      <testcase classname="org.jsoup.parser.CharacterReaderTest" name="nextIndexOfUnmatched" time="0.003" />

      <testcase classname="org.jsoup.parser.CharacterReaderTest" name="unconsume" time="0.0" />

      <testcase classname="org.jsoup.parser.CharacterReaderTest" name="bufferUp" time="0.001" />

      <testcase classname="org.jsoup.parser.CharacterReaderTest" name="nextIndexOfChar" time="0.0" />

      <testcase classname="org.jsoup.parser.CharacterReaderTest" name="notEmptyAtBufferSplitPoint" time="0.0" />

      <testcase classname="org.jsoup.parser.CharacterReaderTest" name="rangeEquals" time="0.0" />

      <testcase classname="org.jsoup.parser.CharacterReaderTest" name="consumeToChar" time="0.0" />

      <testcase classname="org.jsoup.parser.CharacterReaderTest" name="advance" time="0.0" />

      <testcase classname="org.jsoup.parser.CharacterReaderTest" name="consumeToString" time="0.0" />

      <testcase classname="org.jsoup.parser.CharacterReaderTest" name="consumeToAny" time="0.0" />

      <testcase classname="org.jsoup.parser.CharacterReaderTest" name="consumeToEnd" time="0.0" />

      <testcase classname="org.jsoup.parser.CharacterReaderTest" name="consumeToNonexistentEndWhenAtAnd" time="0.0" />

      <testcase classname="org.jsoup.parser.CharacterReaderTest" name="containsIgnoreCase" time="0.0" />

      <testcase classname="org.jsoup.parser.CharacterReaderTest" name="mark" time="0.0" />

      <testcase classname="org.jsoup.parser.CharacterReaderTest" name="empty" time="0.0" />

      <testcase classname="org.jsoup.parser.CharacterReaderTest" name="cachesStrings" time="0.0" />

      <testcase classname="org.jsoup.parser.CharacterReaderTest" name="consumeLetterThenDigitSequence" time="0.0" />

      <testcase classname="org.jsoup.parser.CharacterReaderTest" name="consumeLetterSequence" time="0.0" />

      <testcase classname="org.jsoup.parser.CharacterReaderTest" name="nextIndexOfString" time="0.0" />

      <testcase classname="org.jsoup.parser.CharacterReaderTest" name="matches" time="0.0" />

      <testcase classname="org.jsoup.parser.CharacterReaderTest" name="consume" time="0.0" />

      <testcase classname="org.jsoup.parser.CharacterReaderTest" name="matchesIgnoreCase" time="0.0" />

      <testcase classname="org.jsoup.parser.CharacterReaderTest" name="matchesAny" time="0.0" />

      <system-out><![CDATA[]]></system-out>

      <system-err><![CDATA[]]></system-err>

  </testsuite>
  <testsuite errors="0" failures="0" hostname="Yifeis-MacBook-Pro.local" id="16" name="HtmlParserTest" package="org.jsoup.parser" skipped="0" tests="132" time="0.652" timestamp="2023-09-01T17:33:14">
      <properties>
[...]
</properties>

      <testcase classname="org.jsoup.parser.HtmlParserTest" name="preservedCaseLinksCantNest" time="0.056" />

      <testcase classname="org.jsoup.parser.HtmlParserTest" name="normalisesHeadlessBody" time="0.001" />

      <testcase classname="org.jsoup.parser.HtmlParserTest" name="parsesUnterminatedOption" time="0.004" />

      <testcase classname="org.jsoup.parser.HtmlParserTest" name="handlesProtocolRelativeUrl" time="0.002" />

      <testcase classname="org.jsoup.parser.HtmlParserTest" name="dropsUnterminatedTag" time="0.0" />

      <testcase classname="org.jsoup.parser.HtmlParserTest" name="canPreserveAttributeCase" time="0.001" />

      <testcase classname="org.jsoup.parser.HtmlParserTest" name="handlesNullInComments" time="0.001" />

      <testcase classname="org.jsoup.parser.HtmlParserTest" name="handlesTextAfterData" time="0.001" />

      <testcase classname="org.jsoup.parser.HtmlParserTest" name="dropsUnterminatedAttribute" time="0.0" />

      <testcase classname="org.jsoup.parser.HtmlParserTest" name="testNormalisesIsIndex" time="0.002" />

      <testcase classname="org.jsoup.parser.HtmlParserTest" name="noTableDirectInTable" time="0.002" />

      <testcase classname="org.jsoup.parser.HtmlParserTest" name="testSupportsPartiallyNonAsciiTags" time="0.0" />

      <testcase classname="org.jsoup.parser.HtmlParserTest" name="testSpaceAfterTag" time="0.0" />

      <testcase classname="org.jsoup.parser.HtmlParserTest" name="handlesXmlDeclarationAsBogusComment" time="0.001" />

      <testcase classname="org.jsoup.parser.HtmlParserTest" name="normalisesDocument" time="0.001" />

      <testcase classname="org.jsoup.parser.HtmlParserTest" name="createsStructureFromBodySnippet" time="0.0" />

      <testcase classname="org.jsoup.parser.HtmlParserTest" name="retainsAttributesOfDifferentCaseIfSensitive" time="0.001" />

      <testcase classname="org.jsoup.parser.HtmlParserTest" name="canPreserveTagCase" time="0.001" />

      <testcase classname="org.jsoup.parser.HtmlParserTest" name="preservesSpaceInScript" time="0.001" />

      <testcase classname="org.jsoup.parser.HtmlParserTest" name="handlesXmlDeclAndCommentsBeforeDoctype" time="0.006" />

      <testcase classname="org.jsoup.parser.HtmlParserTest" name="testHtmlLowerCase" time="0.0" />

      <testcase classname="org.jsoup.parser.HtmlParserTest" name="handlesDeepStack" time="0.27" />

      <testcase classname="org.jsoup.parser.HtmlParserTest" name="parsesSimpleDocument" time="0.001" />

      <testcase classname="org.jsoup.parser.HtmlParserTest" name="doesNotCreateImplicitLists" time="0.001" />

      <testcase classname="org.jsoup.parser.HtmlParserTest" name="parsesUnterminatedTextarea" time="0.0" />

      <testcase classname="org.jsoup.parser.HtmlParserTest" name="testSupportsNonAsciiTags" time="0.004" />

      <testcase classname="org.jsoup.parser.HtmlParserTest" name="dropsDuplicateAttributes" time="0.001" />

      <testcase classname="org.jsoup.parser.HtmlParserTest" name="handlesWhatWgExpensesTableExample" time="0.001" />

      <testcase classname="org.jsoup.parser.HtmlParserTest" name="handlesImplicitCaptionClose" time="0.0" />

      <testcase classname="org.jsoup.parser.HtmlParserTest" name="handlesQuotesInCommentsInScripts" time="0.001" />

      <testcase classname="org.jsoup.parser.HtmlParserTest" name="handlesInputInTable" time="0.001" />

      <testcase classname="org.jsoup.parser.HtmlParserTest" name="handlesInvalidStartTags" time="0.0" />

      <testcase classname="org.jsoup.parser.HtmlParserTest" name="handlesEscapedData" time="0.0" />

      <testcase classname="org.jsoup.parser.HtmlParserTest" name="fallbackToUtfIfCantEncode" time="0.022" />

      <testcase classname="org.jsoup.parser.HtmlParserTest" name="reconstructFormattingElements" time="0.001" />

      <testcase classname="org.jsoup.parser.HtmlParserTest" name="createsDocumentStructure" time="0.0" />

      <testcase classname="org.jsoup.parser.HtmlParserTest" name="handlesCdataInScript" time="0.0" />

      <testcase classname="org.jsoup.parser.HtmlParserTest" name="handlesUnclosedTitle" time="0.001" />

      <testcase classname="org.jsoup.parser.HtmlParserTest" name="caseInsensitiveParseTree" time="0.0" />

      <testcase classname="org.jsoup.parser.HtmlParserTest" name="handleNullContextInParseFragment" time="0.0" />

      <testcase classname="org.jsoup.parser.HtmlParserTest" name="parsesUnterminatedComments" time="0.0" />

      <testcase classname="org.jsoup.parser.HtmlParserTest" name="emptyTdTag" time="0.0" />

      <testcase classname="org.jsoup.parser.HtmlParserTest" name="caseSensitiveParseTree" time="0.001" />

      <testcase classname="org.jsoup.parser.HtmlParserTest" name="testFragment" time="0.001" />

      <testcase classname="org.jsoup.parser.HtmlParserTest" name="handlesUnclosedScriptAtEof" time="0.002" />

      <testcase classname="org.jsoup.parser.HtmlParserTest" name="handlesNewlinesAndWhitespaceInTag" time="0.0" />

      <testcase classname="org.jsoup.parser.HtmlParserTest" name="handlesDataOnlyTags" time="0.0" />

      <testcase classname="org.jsoup.parser.HtmlParserTest" name="normalizesDiscordantTags" time="0.001" />

      <testcase classname="org.jsoup.parser.HtmlParserTest" name="handlesCdataAcrossBuffer" time="0.002" />

      <testcase classname="org.jsoup.parser.HtmlParserTest" name="noImplicitFormForTextAreas" time="0.0" />

      <testcase classname="org.jsoup.parser.HtmlParserTest" name="commentBeforeHtml" time="0.0" />

      <testcase classname="org.jsoup.parser.HtmlParserTest" name="handlesUnclosedCdataAtEOF" time="0.0" />

      <testcase classname="org.jsoup.parser.HtmlParserTest" name="handlesCdata" time="0.0" />

      <testcase classname="org.jsoup.parser.HtmlParserTest" name="handlesKnownEmptyBlocks" time="0.001" />

      <testcase classname="org.jsoup.parser.HtmlParserTest" name="createsFormElements" time="0.001" />

      <testcase classname="org.jsoup.parser.HtmlParserTest" name="noErrorsByDefault" time="0.0" />

      <testcase classname="org.jsoup.parser.HtmlParserTest" name="testHeaderContents" time="0.001" />

      <testcase classname="org.jsoup.parser.HtmlParserTest" name="testRelaxedTags" time="0.001" />

      <testcase classname="org.jsoup.parser.HtmlParserTest" name="handlesKnownEmptyStyle" time="0.0" />

      <testcase classname="org.jsoup.parser.HtmlParserTest" name="handlesKnownEmptyTitle" time="0.0" />

      <testcase classname="org.jsoup.parser.HtmlParserTest" name="preservesSpaceInTextArea" time="0.0" />

      <testcase classname="org.jsoup.parser.HtmlParserTest" name="handlesUnexpectedMarkupInTables" time="0.001" />

      <testcase classname="org.jsoup.parser.HtmlParserTest" name="handlesKnownEmptyIframe" time="0.0" />

      <testcase classname="org.jsoup.parser.HtmlParserTest" name="characterReaderBuffer" time="0.003" />

      <testcase classname="org.jsoup.parser.HtmlParserTest" name="testTemplateInsideTable" time="0.002" />

      <testcase classname="org.jsoup.parser.HtmlParserTest" name="cdataNodesAreTextNodes" time="0.0" />

      <testcase classname="org.jsoup.parser.HtmlParserTest" name="ignoresContentAfterFrameset" time="0.0" />

      <testcase classname="org.jsoup.parser.HtmlParserTest" name="handlesBaseTags" time="0.001" />

      <testcase classname="org.jsoup.parser.HtmlParserTest" name="testSpanContents" time="0.001" />

      <testcase classname="org.jsoup.parser.HtmlParserTest" name="handles0CharacterAsText" time="0.0" />

      <testcase classname="org.jsoup.parser.HtmlParserTest" name="handlesFrames" time="0.001" />

      <testcase classname="org.jsoup.parser.HtmlParserTest" name="handlesJavadocFont" time="0.0" />

      <testcase classname="org.jsoup.parser.HtmlParserTest" name="testReinsertionModeForThCelss" time="0.001" />

      <testcase classname="org.jsoup.parser.HtmlParserTest" name="handlesControlCodeInAttributeName" time="0.0" />

      <testcase classname="org.jsoup.parser.HtmlParserTest" name="handlesInvalidDoctypes" time="0.0" />

      <testcase classname="org.jsoup.parser.HtmlParserTest" name="handlesTagsInTextarea" time="0.001" />

      <testcase classname="org.jsoup.parser.HtmlParserTest" name="handlesCommentsInTable" time="0.0" />

      <testcase classname="org.jsoup.parser.HtmlParserTest" name="handlesEscapedScript" time="0.0" />

      <testcase classname="org.jsoup.parser.HtmlParserTest" name="testInvalidTableContents" time="0.001" />

      <testcase classname="org.jsoup.parser.HtmlParserTest" name="handlesUnknownTags" time="0.0" />

      <testcase classname="org.jsoup.parser.HtmlParserTest" name="ignoresDupeEndTrTag" time="0.001" />

      <testcase classname="org.jsoup.parser.HtmlParserTest" name="associatedFormControlsWithDisjointForms" time="0.0" />

      <testcase classname="org.jsoup.parser.HtmlParserTest" name="handlesTbodyTable" time="0.0" />

      <testcase classname="org.jsoup.parser.HtmlParserTest" name="normalisedBodyAfterContent" time="0.001" />

      <testcase classname="org.jsoup.parser.HtmlParserTest" name="handlesSpanInTbody" time="0.0" />

      <testcase classname="org.jsoup.parser.HtmlParserTest" name="handlesUnclosedTitleAtEof" time="0.001" />

      <testcase classname="org.jsoup.parser.HtmlParserTest" name="handlesSolidusAtAttributeEnd" time="0.0" />

      <testcase classname="org.jsoup.parser.HtmlParserTest" name="handlesUnknownNamespaceTags" time="0.0" />

      <testcase classname="org.jsoup.parser.HtmlParserTest" name="handlesKnownEmptyNoFrames" time="0.001" />

      <testcase classname="org.jsoup.parser.HtmlParserTest" name="roundTripsCdata" time="0.0" />

      <testcase classname="org.jsoup.parser.HtmlParserTest" name="handlesManyChildren" time="0.046" />

      <testcase classname="org.jsoup.parser.HtmlParserTest" name="handlesTextArea" time="0.001" />

      <testcase classname="org.jsoup.parser.HtmlParserTest" name="convertsImageToImg" time="0.0" />

      <testcase classname="org.jsoup.parser.HtmlParserTest" name="preSkipsFirstNewline" time="0.001" />

      <testcase classname="org.jsoup.parser.HtmlParserTest" name="commentAtEnd" time="0.0" />

      <testcase classname="org.jsoup.parser.HtmlParserTest" name="selfClosingOnNonvoidIsError" time="0.005" />

      <testcase classname="org.jsoup.parser.HtmlParserTest" name="handlesNestedImplicitTable" time="0.001" />

      <testcase classname="org.jsoup.parser.HtmlParserTest" name="parsesRoughAttributes" time="0.001" />

      <testcase classname="org.jsoup.parser.HtmlParserTest" name="testUsingSingleQuotesInQueries" time="0.001" />

      <testcase classname="org.jsoup.parser.HtmlParserTest" name="handlesUnclosedDefinitionLists" time="0.001" />

      <testcase classname="org.jsoup.parser.HtmlParserTest" name="handlesWhitespaceInoDocType" time="0.001" />

      <testcase classname="org.jsoup.parser.HtmlParserTest" name="reconstructFormattingElementsInTable" time="0.0" />

      <testcase classname="org.jsoup.parser.HtmlParserTest" name="selfClosingVoidIsNotAnError" time="0.001" />

      <testcase classname="org.jsoup.parser.HtmlParserTest" name="testNoImagesInNoScriptInHead" time="0.001" />

      <testcase classname="org.jsoup.parser.HtmlParserTest" name="handlesBaseWithoutHref" time="0.0" />

      <testcase classname="org.jsoup.parser.HtmlParserTest" name="handlesUnclosedRawtextAtEof" time="0.0" />

      <testcase classname="org.jsoup.parser.HtmlParserTest" name="tracksLimitedErrorsWhenRequested" time="0.0" />

      <testcase classname="org.jsoup.parser.HtmlParserTest" name="doesNotFindShortestMatchingEntity" time="0.0" />

      <testcase classname="org.jsoup.parser.HtmlParserTest" name="tracksErrorsWhenRequested" time="0.0" />

      <testcase classname="org.jsoup.parser.HtmlParserTest" name="handlesUnclosedAnchors" time="0.0" />

      <testcase classname="org.jsoup.parser.HtmlParserTest" name="parsesBodyFragment" time="0.0" />

      <testcase classname="org.jsoup.parser.HtmlParserTest" name="handlesUnknownInlineTags" time="0.0" />

      <testcase classname="org.jsoup.parser.HtmlParserTest" name="testSelectWithOption" time="0.0" />

      <testcase classname="org.jsoup.parser.HtmlParserTest" name="normalisesEmptyDocument" time="0.0" />

      <testcase classname="org.jsoup.parser.HtmlParserTest" name="relaxedBaseEntityMatchAndStrictExtendedMatch" time="0.002" />

      <testcase classname="org.jsoup.parser.HtmlParserTest" name="handlesUnclosedFormattingElements" time="0.001" />

      <testcase classname="org.jsoup.parser.HtmlParserTest" name="handlesSolidusInA" time="0.001" />

      <testcase classname="org.jsoup.parser.HtmlParserTest" name="testHgroup" time="0.001" />

      <testcase classname="org.jsoup.parser.HtmlParserTest" name="discardsNakedTds" time="0.001" />

      <testcase classname="org.jsoup.parser.HtmlParserTest" name="parsesComments" time="0.0" />

      <testcase classname="org.jsoup.parser.HtmlParserTest" name="testFontFlowContents" time="0.001" />

      <testcase classname="org.jsoup.parser.HtmlParserTest" name="handlesMisnestedTagsBI" time="0.0" />

      <testcase classname="org.jsoup.parser.HtmlParserTest" name="handlesMisnestedTagsBP" time="0.0" />

      <testcase classname="org.jsoup.parser.HtmlParserTest" name="canPreserveBothCase" time="0.001" />

      <testcase classname="org.jsoup.parser.HtmlParserTest" name="testHandlesDeepSpans" time="0.001" />

      <testcase classname="org.jsoup.parser.HtmlParserTest" name="handleCDataInText" time="0.0" />

      <testcase classname="org.jsoup.parser.HtmlParserTest" name="findsCharsetInMalformedMeta" time="0.0" />

      <testcase classname="org.jsoup.parser.HtmlParserTest" name="handlesMultiClosingBody" time="0.0" />

      <testcase classname="org.jsoup.parser.HtmlParserTest" name="handlesBlocksInDefinitions" time="0.0" />

      <testcase classname="org.jsoup.parser.HtmlParserTest" name="testAFlowContents" time="0.0" />

      <testcase classname="org.jsoup.parser.HtmlParserTest" name="handlesNullInData" time="0.0" />

      <testcase classname="org.jsoup.parser.HtmlParserTest" name="parsesQuiteRoughAttributes" time="0.0" />

      <system-out><![CDATA[]]></system-out>

      <system-err><![CDATA[]]></system-err>

  </testsuite>
  <testsuite errors="0" failures="0" hostname="Yifeis-MacBook-Pro.local" id="17" name="HtmlTreeBuilderStateTest" package="org.jsoup.parser" skipped="0" tests="1" time="0.118" timestamp="2023-09-01T17:33:15">
      <properties>
[...]
</properties>

      <testcase classname="org.jsoup.parser.HtmlTreeBuilderStateTest" name="ensureArraysAreSorted" time="0.002" />

      <system-out><![CDATA[]]></system-out>

      <system-err><![CDATA[]]></system-err>

  </testsuite>
  <testsuite errors="0" failures="0" hostname="Yifeis-MacBook-Pro.local" id="18" name="HtmlTreeBuilderTest" package="org.jsoup.parser" skipped="0" tests="1" time="0.137" timestamp="2023-09-01T17:33:16">
      <properties>
[...]
</properties>

      <testcase classname="org.jsoup.parser.HtmlTreeBuilderTest" name="ensureSearchArraysAreSorted" time="0.006" />

      <system-out><![CDATA[]]></system-out>

      <system-err><![CDATA[]]></system-err>

  </testsuite>
  <testsuite errors="0" failures="0" hostname="Yifeis-MacBook-Pro.local" id="19" name="ParserSettingsTest" package="org.jsoup.parser" skipped="0" tests="3" time="0.117" timestamp="2023-09-01T17:33:16">
      <properties>
[...]
</properties>

      <testcase classname="org.jsoup.parser.ParserSettingsTest" name="attributesCaseNormalization" time="0.003" />

      <testcase classname="org.jsoup.parser.ParserSettingsTest" name="caseSupport" time="0.0" />

      <testcase classname="org.jsoup.parser.ParserSettingsTest" name="attributeCaseNormalization" time="0.0" />

      <system-out><![CDATA[]]></system-out>

      <system-err><![CDATA[]]></system-err>

  </testsuite>
  <testsuite errors="0" failures="0" hostname="Yifeis-MacBook-Pro.local" id="20" name="ParserTest" package="org.jsoup.parser" skipped="0" tests="2" time="0.149" timestamp="2023-09-01T17:33:16">
      <properties>
[...]
</properties>

      <testcase classname="org.jsoup.parser.ParserTest" name="unescapeEntitiesHandlesLargeInput" time="0.024" />

      <testcase classname="org.jsoup.parser.ParserTest" name="unescapeEntities" time="0.014" />

      <system-out><![CDATA[]]></system-out>

      <system-err><![CDATA[]]></system-err>

  </testsuite>
  <testsuite errors="0" failures="0" hostname="Yifeis-MacBook-Pro.local" id="21" name="TagTest" package="org.jsoup.parser" skipped="0" tests="10" time="0.119" timestamp="2023-09-01T17:33:17">
      <properties>
[...]
</properties>

      <testcase classname="org.jsoup.parser.TagTest" name="divSemantics" time="0.002" />

      <testcase classname="org.jsoup.parser.TagTest" name="trims" time="0.001" />

      <testcase classname="org.jsoup.parser.TagTest" name="imgSemantics" time="0.0" />

      <testcase classname="org.jsoup.parser.TagTest" name="valueOfChecksNotEmpty" time="0.001" />

      <testcase classname="org.jsoup.parser.TagTest" name="pSemantics" time="0.0" />

      <testcase classname="org.jsoup.parser.TagTest" name="equality" time="0.0" />

      <testcase classname="org.jsoup.parser.TagTest" name="defaultSemantics" time="0.0" />

      <testcase classname="org.jsoup.parser.TagTest" name="canBeInsensitive" time="0.0" />

      <testcase classname="org.jsoup.parser.TagTest" name="valueOfChecksNotNull" time="0.0" />

      <testcase classname="org.jsoup.parser.TagTest" name="isCaseSensitive" time="0.0" />

      <system-out><![CDATA[]]></system-out>

      <system-err><![CDATA[]]></system-err>

  </testsuite>
  <testsuite errors="0" failures="0" hostname="Yifeis-MacBook-Pro.local" id="22" name="TokenQueueTest" package="org.jsoup.parser" skipped="0" tests="9" time="0.176" timestamp="2023-09-01T17:33:17">
      <properties>
[...]
</properties>

      <testcase classname="org.jsoup.parser.TokenQueueTest" name="addFirst" time="0.002" />

      <testcase classname="org.jsoup.parser.TokenQueueTest" name="unescape" time="0.001" />

      <testcase classname="org.jsoup.parser.TokenQueueTest" name="chompToIgnoreCase" time="0.0" />

      <testcase classname="org.jsoup.parser.TokenQueueTest" name="chompEscapedBalanced" time="0.001" />

      <testcase classname="org.jsoup.parser.TokenQueueTest" name="consumeToIgnoreSecondCallTest" time="0.0" />

      <testcase classname="org.jsoup.parser.TokenQueueTest" name="chompBalancedThrowIllegalArgumentException" time="0.0" />

      <testcase classname="org.jsoup.parser.TokenQueueTest" name="chompBalanced" time="0.0" />

      <testcase classname="org.jsoup.parser.TokenQueueTest" name="testNestedQuotes" time="0.055" />

      <testcase classname="org.jsoup.parser.TokenQueueTest" name="chompBalancedMatchesAsMuchAsPossible" time="0.0" />

      <system-out><![CDATA[]]></system-out>

      <system-err><![CDATA[]]></system-err>

  </testsuite>
  <testsuite errors="0" failures="0" hostname="Yifeis-MacBook-Pro.local" id="23" name="TokeniserStateTest" package="org.jsoup.parser" skipped="0" tests="12" time="0.207" timestamp="2023-09-01T17:33:18">
      <properties>
[...]
</properties>

      <testcase classname="org.jsoup.parser.TokeniserStateTest" name="testEndTagOpen" time="0.054" />

      <testcase classname="org.jsoup.parser.TokeniserStateTest" name="testPublicIdentifiersWithWhitespace" time="0.013" />

      <testcase classname="org.jsoup.parser.TokeniserStateTest" name="handlesLessInTagThanAsNewTag" time="0.001" />

      <testcase classname="org.jsoup.parser.TokeniserStateTest" name="testRCDATAEndTagName" time="0.001" />

      <testcase classname="org.jsoup.parser.TokeniserStateTest" name="testCharacterReferenceInRcdata" time="0.001" />

      <testcase classname="org.jsoup.parser.TokeniserStateTest" name="testRcdataLessthanSign" time="0.001" />

      <testcase classname="org.jsoup.parser.TokeniserStateTest" name="ensureSearchArraysAreSorted" time="0.001" />

      <testcase classname="org.jsoup.parser.TokeniserStateTest" name="testCommentEndCoverage" time="0.0" />

      <testcase classname="org.jsoup.parser.TokeniserStateTest" name="testBeforeTagName" time="0.001" />

      <testcase classname="org.jsoup.parser.TokeniserStateTest" name="testPublicAndSystemIdentifiersWithWhitespace" time="0.006" />

      <testcase classname="org.jsoup.parser.TokeniserStateTest" name="testSystemIdentifiersWithWhitespace" time="0.009" />

      <testcase classname="org.jsoup.parser.TokeniserStateTest" name="testCommentEndBangCoverage" time="0.001" />

      <system-out><![CDATA[]]></system-out>

      <system-err><![CDATA[]]></system-err>

  </testsuite>
  <testsuite errors="0" failures="0" hostname="Yifeis-MacBook-Pro.local" id="24" name="TokeniserTest" package="org.jsoup.parser" skipped="0" tests="10" time="0.215" timestamp="2023-09-01T17:33:18">
      <properties>
[...]
</properties>

      <testcase classname="org.jsoup.parser.TokeniserTest" name="handleLargeComment" time="0.056" />

      <testcase classname="org.jsoup.parser.TokeniserTest" name="handleLargeCdata" time="0.002" />

      <testcase classname="org.jsoup.parser.TokeniserTest" name="handleLargeTitle" time="0.007" />

      <testcase classname="org.jsoup.parser.TokeniserTest" name="bufferUpInAttributeVal" time="0.008" />

      <testcase classname="org.jsoup.parser.TokeniserTest" name="cp1252EntitiesProduceError" time="0.003" />

      <testcase classname="org.jsoup.parser.TokeniserTest" name="handleSuperLargeTagNames" time="0.009" />

      <testcase classname="org.jsoup.parser.TokeniserTest" name="handleSuperLargeAttributeName" time="0.003" />

      <testcase classname="org.jsoup.parser.TokeniserTest" name="cp1252SubstitutionTable" time="0.001" />

      <testcase classname="org.jsoup.parser.TokeniserTest" name="cp1252Entities" time="0.0" />

      <testcase classname="org.jsoup.parser.TokeniserTest" name="handleLargeText" time="0.007" />

      <system-out><![CDATA[]]></system-out>

      <system-err><![CDATA[]]></system-err>

  </testsuite>
  <testsuite errors="0" failures="0" hostname="Yifeis-MacBook-Pro.local" id="25" name="XmlTreeBuilderTest" package="org.jsoup.parser" skipped="0" tests="23" time="0.201" timestamp="2023-09-01T17:33:19">
      <properties>
[...]
</properties>

      <testcase classname="org.jsoup.parser.XmlTreeBuilderTest" name="testPopToClose" time="0.046" />

      <testcase classname="org.jsoup.parser.XmlTreeBuilderTest" name="handlesXmlDeclarationAsDeclaration" time="0.002" />

      <testcase classname="org.jsoup.parser.XmlTreeBuilderTest" name="dropsDuplicateAttributes" time="0.004" />

      <testcase classname="org.jsoup.parser.XmlTreeBuilderTest" name="caseSensitiveDeclaration" time="0.001" />

      <testcase classname="org.jsoup.parser.XmlTreeBuilderTest" name="handlesDodgyXmlDecl" time="0.001" />

      <testcase classname="org.jsoup.parser.XmlTreeBuilderTest" name="handlesLTinScript" time="0.001" />

      <testcase classname="org.jsoup.parser.XmlTreeBuilderTest" name="testSupplyParserToJsoupClass" time="0.0" />

      <testcase classname="org.jsoup.parser.XmlTreeBuilderTest" name="normalizesDiscordantTags" time="0.001" />

      <testcase classname="org.jsoup.parser.XmlTreeBuilderTest" name="testDoesNotForceSelfClosingKnownTags" time="0.007" />

      <testcase classname="org.jsoup.parser.XmlTreeBuilderTest" name="testCommentAndDocType" time="0.0" />

      <testcase classname="org.jsoup.parser.XmlTreeBuilderTest" name="testSimpleXmlParse" time="0.002" />

      <testcase classname="org.jsoup.parser.XmlTreeBuilderTest" name="xmlFragment" time="0.0" />

      <testcase classname="org.jsoup.parser.XmlTreeBuilderTest" name="appendPreservesCaseByDefault" time="0.0" />

      <testcase classname="org.jsoup.parser.XmlTreeBuilderTest" name="testDetectCharsetEncodingDeclaration" time="0.006" />

      <testcase classname="org.jsoup.parser.XmlTreeBuilderTest" name="roundTripsCdata" time="0.001" />

      <testcase classname="org.jsoup.parser.XmlTreeBuilderTest" name="canNormalizeCase" time="0.001" />

      <testcase classname="org.jsoup.parser.XmlTreeBuilderTest" name="cdataPreservesWhiteSpace" time="0.0" />

      <testcase classname="org.jsoup.parser.XmlTreeBuilderTest" name="preservesCaseByDefault" time="0.001" />

      <testcase classname="org.jsoup.parser.XmlTreeBuilderTest" name="testParseDeclarationAttributes" time="0.001" />

      <testcase classname="org.jsoup.parser.XmlTreeBuilderTest" name="testSupplyParserToDataStream" time="0.002" />

      <testcase classname="org.jsoup.parser.XmlTreeBuilderTest" name="xmlParseDefaultsToHtmlOutputSyntax" time="0.001" />

      <testcase classname="org.jsoup.parser.XmlTreeBuilderTest" name="testCreatesValidProlog" time="0.0" />

      <testcase classname="org.jsoup.parser.XmlTreeBuilderTest" name="testDoesHandleEOFInTag" time="0.001" />

      <system-out><![CDATA[]]></system-out>

      <system-err><![CDATA[]]></system-err>

  </testsuite>
  <testsuite errors="0" failures="0" hostname="Yifeis-MacBook-Pro.local" id="26" name="CleanerTest" package="org.jsoup.safety" skipped="0" tests="34" time="0.221" timestamp="2023-09-01T17:33:19">
      <properties>
[...]
</properties>

      <testcase classname="org.jsoup.safety.CleanerTest" name="testHandlesEmptyAttributes" time="0.052" />

      <testcase classname="org.jsoup.safety.CleanerTest" name="basicBehaviourTest" time="0.004" />

      <testcase classname="org.jsoup.safety.CleanerTest" name="handlesCustomProtocols" time="0.002" />

      <testcase classname="org.jsoup.safety.CleanerTest" name="testIsValidBodyHtml" time="0.004" />

      <testcase classname="org.jsoup.safety.CleanerTest" name="handlesNoHrefAttribute" time="0.0" />

      <testcase classname="org.jsoup.safety.CleanerTest" name="preservesRelativeLinksIfConfigured" time="0.001" />

      <testcase classname="org.jsoup.safety.CleanerTest" name="testCleanAnchorProtocol" time="0.001" />

      <testcase classname="org.jsoup.safety.CleanerTest" name="bailsIfRemovingProtocolThatsNotSet" time="0.0" />

      <testcase classname="org.jsoup.safety.CleanerTest" name="testDropScript" time="0.0" />

      <testcase classname="org.jsoup.safety.CleanerTest" name="testRemoveTags" time="0.0" />

      <testcase classname="org.jsoup.safety.CleanerTest" name="testRemoveAttributes" time="0.001" />

      <testcase classname="org.jsoup.safety.CleanerTest" name="testRemoveEnforcedAttributes" time="0.001" />

      <testcase classname="org.jsoup.safety.CleanerTest" name="testRelaxed" time="0.001" />

      <testcase classname="org.jsoup.safety.CleanerTest" name="resolvesRelativeLinks" time="0.001" />

      <testcase classname="org.jsoup.safety.CleanerTest" name="testDropComments" time="0.0" />

      <testcase classname="org.jsoup.safety.CleanerTest" name="handlesFramesets" time="0.001" />

      <testcase classname="org.jsoup.safety.CleanerTest" name="handlesControlCharactersAfterTagName" time="0.001" />

      <testcase classname="org.jsoup.safety.CleanerTest" name="simpleBehaviourTest2" time="0.0" />

      <testcase classname="org.jsoup.safety.CleanerTest" name="testRemoveProtocols" time="0.0" />

      <testcase classname="org.jsoup.safety.CleanerTest" name="testDropImageScript" time="0.0" />

      <testcase classname="org.jsoup.safety.CleanerTest" name="simpleBehaviourTest" time="0.001" />

      <testcase classname="org.jsoup.safety.CleanerTest" name="handlesAttributesWithNoValue" time="0.001" />

      <testcase classname="org.jsoup.safety.CleanerTest" name="dropsUnresolvableRelativeLinks" time="0.0" />

      <testcase classname="org.jsoup.safety.CleanerTest" name="testScriptTagInWhiteList" time="0.0" />

      <testcase classname="org.jsoup.safety.CleanerTest" name="addsTagOnAttributesIfNotSet" time="0.0" />

      <testcase classname="org.jsoup.safety.CleanerTest" name="testDropsUnknownTags" time="0.001" />

      <testcase classname="org.jsoup.safety.CleanerTest" name="testCleanJavascriptHref" time="0.001" />

      <testcase classname="org.jsoup.safety.CleanerTest" name="basicWithImagesTest" time="0.001" />

      <testcase classname="org.jsoup.safety.CleanerTest" name="whitelistedProtocolShouldBeRetained" time="0.001" />

      <testcase classname="org.jsoup.safety.CleanerTest" name="testDropXmlProc" time="0.0" />

      <testcase classname="org.jsoup.safety.CleanerTest" name="testIsValidDocument" time="0.001" />

      <testcase classname="org.jsoup.safety.CleanerTest" name="handlesAllPseudoTag" time="0.001" />

      <testcase classname="org.jsoup.safety.CleanerTest" name="supplyOutputSettings" time="0.001" />

      <testcase classname="org.jsoup.safety.CleanerTest" name="cleansInternationalText" time="0.0" />

      <system-out><![CDATA[]]></system-out>

      <system-err><![CDATA[]]></system-err>

  </testsuite>
  <testsuite errors="0" failures="0" hostname="Yifeis-MacBook-Pro.local" id="27" name="CssTest" package="org.jsoup.select" skipped="0" tests="17" time="0.23" timestamp="2023-09-01T17:33:20">
      <properties>
[...]
</properties>

      <testcase classname="org.jsoup.select.CssTest" name="nthLastOfType_advanced" time="0.061" />

      <testcase classname="org.jsoup.select.CssTest" name="nthChild_advanced" time="0.004" />

      <testcase classname="org.jsoup.select.CssTest" name="nthOfType_advanced" time="0.005" />

      <testcase classname="org.jsoup.select.CssTest" name="nthOfType_simple" time="0.004" />

      <testcase classname="org.jsoup.select.CssTest" name="firstOfType" time="0.002" />

      <testcase classname="org.jsoup.select.CssTest" name="firstChild" time="0.001" />

      <testcase classname="org.jsoup.select.CssTest" name="nthLastOfType_simple" time="0.004" />

      <testcase classname="org.jsoup.select.CssTest" name="root" time="0.002" />

      <testcase classname="org.jsoup.select.CssTest" name="onlyOfType" time="0.003" />

      <testcase classname="org.jsoup.select.CssTest" name="nthLastChild_simple" time="0.006" />

      <testcase classname="org.jsoup.select.CssTest" name="empty" time="0.003" />

      <testcase classname="org.jsoup.select.CssTest" name="onlyChild" time="0.002" />

      <testcase classname="org.jsoup.select.CssTest" name="nthChild_simple" time="0.003" />

      <testcase classname="org.jsoup.select.CssTest" name="nthLastChild_advanced" time="0.002" />

      <testcase classname="org.jsoup.select.CssTest" name="lastOfType" time="0.001" />

      <testcase classname="org.jsoup.select.CssTest" name="lastChild" time="0.002" />

      <testcase classname="org.jsoup.select.CssTest" name="nthOfType_unknownTag" time="0.002" />

      <system-out><![CDATA[]]></system-out>

      <system-err><![CDATA[]]></system-err>

  </testsuite>
  <testsuite errors="0" failures="0" hostname="Yifeis-MacBook-Pro.local" id="28" name="ElementsTest" package="org.jsoup.select" skipped="0" tests="34" time="0.241" timestamp="2023-09-01T17:33:20">
      <properties>
[...]
</properties>

      <testcase classname="org.jsoup.select.ElementsTest" name="classWithHyphen" time="0.055" />

      <testcase classname="org.jsoup.select.ElementsTest" name="before" time="0.004" />

      <testcase classname="org.jsoup.select.ElementsTest" name="filter" time="0.001" />

      <testcase classname="org.jsoup.select.ElementsTest" name="eachAttr" time="0.002" />

      <testcase classname="org.jsoup.select.ElementsTest" name="eachText" time="0.0" />

      <testcase classname="org.jsoup.select.ElementsTest" name="absAttr" time="0.001" />

      <testcase classname="org.jsoup.select.ElementsTest" name="remove" time="0.001" />

      <testcase classname="org.jsoup.select.ElementsTest" name="unwrap" time="0.001" />

      <testcase classname="org.jsoup.select.ElementsTest" name="parents" time="0.001" />

      <testcase classname="org.jsoup.select.ElementsTest" name="unwrapP" time="0.001" />

      <testcase classname="org.jsoup.select.ElementsTest" name="unwrapKeepsSpace" time="0.001" />

      <testcase classname="org.jsoup.select.ElementsTest" name="eq" time="0.0" />

      <testcase classname="org.jsoup.select.ElementsTest" name="is" time="0.001" />

      <testcase classname="org.jsoup.select.ElementsTest" name="not" time="0.002" />

      <testcase classname="org.jsoup.select.ElementsTest" name="val" time="0.001" />

      <testcase classname="org.jsoup.select.ElementsTest" name="attr" time="0.001" />

      <testcase classname="org.jsoup.select.ElementsTest" name="html" time="0.001" />

      <testcase classname="org.jsoup.select.ElementsTest" name="text" time="0.001" />

      <testcase classname="org.jsoup.select.ElementsTest" name="wrap" time="0.001" />

      <testcase classname="org.jsoup.select.ElementsTest" name="hasClassCaseInsensitive" time="0.0" />

      <testcase classname="org.jsoup.select.ElementsTest" name="after" time="0.001" />

      <testcase classname="org.jsoup.select.ElementsTest" name="empty" time="0.0" />

      <testcase classname="org.jsoup.select.ElementsTest" name="forms" time="0.0" />

      <testcase classname="org.jsoup.select.ElementsTest" name="siblings" time="0.001" />

      <testcase classname="org.jsoup.select.ElementsTest" name="attributes" time="0.0" />

      <testcase classname="org.jsoup.select.ElementsTest" name="hasAttr" time="0.0" />

      <testcase classname="org.jsoup.select.ElementsTest" name="hasText" time="0.001" />

      <testcase classname="org.jsoup.select.ElementsTest" name="hasAbsAttr" time="0.001" />

      <testcase classname="org.jsoup.select.ElementsTest" name="classes" time="0.001" />

      <testcase classname="org.jsoup.select.ElementsTest" name="traverse" time="0.001" />

      <testcase classname="org.jsoup.select.ElementsTest" name="wrapDiv" time="0.001" />

      <testcase classname="org.jsoup.select.ElementsTest" name="outerHtml" time="0.001" />

      <testcase classname="org.jsoup.select.ElementsTest" name="tagNameSet" time="0.001" />

      <testcase classname="org.jsoup.select.ElementsTest" name="setHtml" time="0.001" />

      <system-out><![CDATA[]]></system-out>

      <system-err><![CDATA[]]></system-err>

  </testsuite>
  <testsuite errors="0" failures="0" hostname="Yifeis-MacBook-Pro.local" id="29" name="QueryParserTest" package="org.jsoup.select" skipped="0" tests="4" time="0.123" timestamp="2023-09-01T17:33:21">
      <properties>
[...]
</properties>

      <testcase classname="org.jsoup.select.QueryParserTest" name="testParsesSingleQuoteInContains" time="0.005" />

      <testcase classname="org.jsoup.select.QueryParserTest" name="testOrGetsCorrectPrecedence" time="0.0" />

      <testcase classname="org.jsoup.select.QueryParserTest" name="testParsesMultiCorrectly" time="0.001" />

      <testcase classname="org.jsoup.select.QueryParserTest" name="exceptionOnUncloseAttribute" time="0.0" />

      <system-out><![CDATA[]]></system-out>

      <system-err><![CDATA[]]></system-err>

  </testsuite>
  <testsuite errors="0" failures="0" hostname="Yifeis-MacBook-Pro.local" id="30" name="SelectorTest" package="org.jsoup.select" skipped="0" tests="62" time="0.242" timestamp="2023-09-01T17:33:21">
      <properties>
[...]
</properties>

      <testcase classname="org.jsoup.select.SelectorTest" name="containsData" time="0.058" />

      <testcase classname="org.jsoup.select.SelectorTest" name="testByAttributeStarting" time="0.001" />

      <testcase classname="org.jsoup.select.SelectorTest" name="deeperDescendant" time="0.001" />

      <testcase classname="org.jsoup.select.SelectorTest" name="selectSameElements" time="0.0" />

      <testcase classname="org.jsoup.select.SelectorTest" name="testPseudoEquals" time="0.0" />

      <testcase classname="org.jsoup.select.SelectorTest" name="testByClassCaseInsensitive" time="0.0" />

      <testcase classname="org.jsoup.select.SelectorTest" name="testByAttributeRegexCharacterClass" time="0.0" />

      <testcase classname="org.jsoup.select.SelectorTest" name="testAllWithClass" time="0.0" />

      <testcase classname="org.jsoup.select.SelectorTest" name="testByTag" time="0.001" />

      <testcase classname="org.jsoup.select.SelectorTest" name="testById" time="0.001" />

      <testcase classname="org.jsoup.select.SelectorTest" name="findBetweenSpan" time="0.003" />

      <testcase classname="org.jsoup.select.SelectorTest" name="descendant" time="0.001" />

      <testcase classname="org.jsoup.select.SelectorTest" name="handlesCommasInSelector" time="0.001" />

      <testcase classname="org.jsoup.select.SelectorTest" name="notAll" time="0.001" />

      <testcase classname="org.jsoup.select.SelectorTest" name="testByAttribute" time="0.001" />

      <testcase classname="org.jsoup.select.SelectorTest" name="selectClassWithSpace" time="0.001" />

      <testcase classname="org.jsoup.select.SelectorTest" name="notAdjacent" time="0.001" />

      <testcase classname="org.jsoup.select.SelectorTest" name="testCombinedWithContains" time="0.001" />

      <testcase classname="org.jsoup.select.SelectorTest" name="containsWithQuote" time="0.0" />

      <testcase classname="org.jsoup.select.SelectorTest" name="testPseudoGreaterThan" time="0.001" />

      <testcase classname="org.jsoup.select.SelectorTest" name="testAllElements" time="0.001" />

      <testcase classname="org.jsoup.select.SelectorTest" name="testByAttributeRegex" time="0.001" />

      <testcase classname="org.jsoup.select.SelectorTest" name="mixCombinator" time="0.001" />

      <testcase classname="org.jsoup.select.SelectorTest" name="testRelaxedTags" time="0.001" />

      <testcase classname="org.jsoup.select.SelectorTest" name="testPseudoBetween" time="0.0" />

      <testcase classname="org.jsoup.select.SelectorTest" name="testPseudoLessThan" time="0.0" />

      <testcase classname="org.jsoup.select.SelectorTest" name="testGroupOr" time="0.001" />

      <testcase classname="org.jsoup.select.SelectorTest" name="testByClass" time="0.0" />

      <testcase classname="org.jsoup.select.SelectorTest" name="and" time="0.0" />

      <testcase classname="org.jsoup.select.SelectorTest" name="attributeWithBrackets" time="0.001" />

      <testcase classname="org.jsoup.select.SelectorTest" name="testPsuedoContainsWithParentheses" time="0.001" />

      <testcase classname="org.jsoup.select.SelectorTest" name="testGroupOrAttribute" time="0.0" />

      <testcase classname="org.jsoup.select.SelectorTest" name="caseInsensitive" time="0.0" />

      <testcase classname="org.jsoup.select.SelectorTest" name="selectFirst" time="0.001" />

      <testcase classname="org.jsoup.select.SelectorTest" name="containsOwn" time="0.001" />

      <testcase classname="org.jsoup.select.SelectorTest" name="testCharactersInIdAndClass" time="0.001" />

      <testcase classname="org.jsoup.select.SelectorTest" name="splitOnBr" time="0.001" />

      <testcase classname="org.jsoup.select.SelectorTest" name="multiChildDescent" time="0.0" />

      <testcase classname="org.jsoup.select.SelectorTest" name="adjacentSiblingsWithId" time="0.001" />

      <testcase classname="org.jsoup.select.SelectorTest" name="testMatches" time="0.002" />

      <testcase classname="org.jsoup.select.SelectorTest" name="matchText" time="0.001" />

      <testcase classname="org.jsoup.select.SelectorTest" name="selectFirstWithOr" time="0.0" />

      <testcase classname="org.jsoup.select.SelectorTest" name="matchTextAttributes" time="0.001" />

      <testcase classname="org.jsoup.select.SelectorTest" name="parentWithClassChild" time="0.001" />

      <testcase classname="org.jsoup.select.SelectorTest" name="generalSiblings" time="0.0" />

      <testcase classname="org.jsoup.select.SelectorTest" name="parentChildStar" time="0.0" />

      <testcase classname="org.jsoup.select.SelectorTest" name="testPseudoCombined" time="0.001" />

      <testcase classname="org.jsoup.select.SelectorTest" name="testPseudoContains" time="0.002" />

      <testcase classname="org.jsoup.select.SelectorTest" name="testPseudoHas" time="0.0" />

      <testcase classname="org.jsoup.select.SelectorTest" name="notClass" time="0.0" />

      <testcase classname="org.jsoup.select.SelectorTest" name="notParas" time="0.0" />

      <testcase classname="org.jsoup.select.SelectorTest" name="selectSupplementaryCharacter" time="0.004" />

      <testcase classname="org.jsoup.select.SelectorTest" name="adjacentSiblings" time="0.001" />

      <testcase classname="org.jsoup.select.SelectorTest" name="testNamespacedTag" time="0.001" />

      <testcase classname="org.jsoup.select.SelectorTest" name="testNestedHas" time="0.001" />

      <testcase classname="org.jsoup.select.SelectorTest" name="parentChildElement" time="0.0" />

      <testcase classname="org.jsoup.select.SelectorTest" name="testByAttributeRegexCombined" time="0.0" />

      <testcase classname="org.jsoup.select.SelectorTest" name="matchesOwn" time="0.0" />

      <testcase classname="org.jsoup.select.SelectorTest" name="testSupportsLeadingCombinator" time="0.0" />

      <testcase classname="org.jsoup.select.SelectorTest" name="mixCombinatorGroup" time="0.0" />

      <testcase classname="org.jsoup.select.SelectorTest" name="testWildcardNamespacedTag" time="0.001" />

      <testcase classname="org.jsoup.select.SelectorTest" name="selectFirstWithAnd" time="0.0" />

      <system-out><![CDATA[]]></system-out>

      <system-err><![CDATA[]]></system-err>

  </testsuite>
  <testsuite errors="0" failures="0" hostname="Yifeis-MacBook-Pro.local" id="31" name="TraversorTest" package="org.jsoup.select" skipped="0" tests="5" time="0.173" timestamp="2023-09-01T17:33:22">
      <properties>
[...]
</properties>

      <testcase classname="org.jsoup.select.TraversorTest" name="filterStop" time="0.055" />

      <testcase classname="org.jsoup.select.TraversorTest" name="filterVisit" time="0.001" />

      <testcase classname="org.jsoup.select.TraversorTest" name="filterSkipChildren" time="0.001" />

      <testcase classname="org.jsoup.select.TraversorTest" name="filterSkipEntirely" time="0.001" />

      <testcase classname="org.jsoup.select.TraversorTest" name="filterRemove" time="0.002" />

      <system-out><![CDATA[]]></system-out>

      <system-err><![CDATA[]]></system-err>

  </testsuite>
</testsuites>
