<?xml version="1.0" encoding="UTF-8" ?>
<testsuite errors="0" failures="0" hostname="Yifeis-MacBook-Pro.local" name="org.jsoup.parser.XmlTreeBuilderTest" skipped="0" tests="23" time="0.201" timestamp="2023-09-01T17:33:19">
  <properties>
[...]
</properties>
  <testcase classname="org.jsoup.parser.XmlTreeBuilderTest" name="testPopToClose" time="0.046" />
  <testcase classname="org.jsoup.parser.XmlTreeBuilderTest" name="handlesXmlDeclarationAsDeclaration" time="0.002" />
  <testcase classname="org.jsoup.parser.XmlTreeBuilderTest" name="dropsDuplicateAttributes" time="0.004" />
  <testcase classname="org.jsoup.parser.XmlTreeBuilderTest" name="caseSensitiveDeclaration" time="0.001" />
  <testcase classname="org.jsoup.parser.XmlTreeBuilderTest" name="handlesDodgyXmlDecl" time="0.001" />
  <testcase classname="org.jsoup.parser.XmlTreeBuilderTest" name="handlesLTinScript" time="0.001" />
  <testcase classname="org.jsoup.parser.XmlTreeBuilderTest" name="testSupplyParserToJsoupClass" time="0.0" />
  <testcase classname="org.jsoup.parser.XmlTreeBuilderTest" name="normalizesDiscordantTags" time="0.001" />
  <testcase classname="org.jsoup.parser.XmlTreeBuilderTest" name="testDoesNotForceSelfClosingKnownTags" time="0.007" />
  <testcase classname="org.jsoup.parser.XmlTreeBuilderTest" name="testCommentAndDocType" time="0.0" />
  <testcase classname="org.jsoup.parser.XmlTreeBuilderTest" name="testSimpleXmlParse" time="0.002" />
  <testcase classname="org.jsoup.parser.XmlTreeBuilderTest" name="xmlFragment" time="0.0" />
  <testcase classname="org.jsoup.parser.XmlTreeBuilderTest" name="appendPreservesCaseByDefault" time="0.0" />
  <testcase classname="org.jsoup.parser.XmlTreeBuilderTest" name="testDetectCharsetEncodingDeclaration" time="0.006" />
  <testcase classname="org.jsoup.parser.XmlTreeBuilderTest" name="roundTripsCdata" time="0.001" />
  <testcase classname="org.jsoup.parser.XmlTreeBuilderTest" name="canNormalizeCase" time="0.001" />
  <testcase classname="org.jsoup.parser.XmlTreeBuilderTest" name="cdataPreservesWhiteSpace" time="0.0" />
  <testcase classname="org.jsoup.parser.XmlTreeBuilderTest" name="preservesCaseByDefault" time="0.001" />
  <testcase classname="org.jsoup.parser.XmlTreeBuilderTest" name="testParseDeclarationAttributes" time="0.001" />
  <testcase classname="org.jsoup.parser.XmlTreeBuilderTest" name="testSupplyParserToDataStream" time="0.002" />
  <testcase classname="org.jsoup.parser.XmlTreeBuilderTest" name="xmlParseDefaultsToHtmlOutputSyntax" time="0.001" />
  <testcase classname="org.jsoup.parser.XmlTreeBuilderTest" name="testCreatesValidProlog" time="0.0" />
  <testcase classname="org.jsoup.parser.XmlTreeBuilderTest" name="testDoesHandleEOFInTag" time="0.001" />
  <system-out><![CDATA[]]></system-out>
  <system-err><![CDATA[]]></system-err>
</testsuite>
